<?xml version="1.0" encoding="UTF-8"?>
<!-- Generated by org.testng.reporters.JUnitXMLReporter -->
<testsuite ignored="0" hostname="SLB-F2NLRF2" failures="0" tests="5" name="Default test(failed)" time="0.852" errors="0" timestamp="2020-07-02T15:34:05 IST">
  <testcase classname="com.iNetBankingV1.testCases.BaseClass" name="@BeforeClass SetUp" time="-1.593684244856E9">
    <failure type="org.testng.TestNGException" message="
Parameter &amp;apos;browser&amp;apos; is required by BeforeClass on method SetUp but has not been marked @Optional or defined
in C:\Users\HDeore\SchlumbergerAutomation\MyTest\iNetBankingV1\test-output\testng-failed.xml">
      <![CDATA[org.testng.TestNGException: 
Parameter 'browser' is required by BeforeClass on method SetUp but has not been marked @Optional or defined
in C:\Users\HDeore\SchlumbergerAutomation\MyTest\iNetBankingV1\test-output\testng-failed.xml
at java.base/java.util.ArrayList.forEach(ArrayList.java:1540)
... Removed 22 stack frames]]>
    </failure>
  </testcase> <!-- @BeforeClass SetUp -->
  <testcase classname="com.iNetBankingV1.testCases.BaseClass" name="@AfterClass tearDown" time="-1.593684245689E9">
    <skipped/>
  </testcase> <!-- @AfterClass tearDown -->
  <testcase classname="com.iNetBankingV1.testCases.TC_LoginTestDataDriven_001" name="LoginDDT" time="0.0">
    <skipped/>
  </testcase> <!-- LoginDDT -->
  <testcase classname="com.iNetBankingV1.testCases.TC_LoginTestDataDriven_001" name="LoginDDT" time="0.0">
    <skipped/>
  </testcase> <!-- LoginDDT -->
  <testcase classname="com.iNetBankingV1.testCases.TC_LoginTestDataDriven_001" name="LoginDDT" time="0.0">
    <skipped/>
  </testcase> <!-- LoginDDT -->
  <testcase classname="com.iNetBankingV1.testCases.TC_LoginTestDataDriven_001" name="LoginDDT" time="0.0">
    <skipped/>
  </testcase> <!-- LoginDDT -->
  <testcase classname="com.iNetBankingV1.testCases.TC_LoginTestDataDriven_001" name="LoginDDT" time="0.0">
    <skipped/>
  </testcase> <!-- LoginDDT -->
</testsuite> <!-- Default test(failed) -->
