<?xml version="1.0" encoding="UTF-8"?>
<!-- Generated by org.testng.reporters.JUnitXMLReporter -->
<testsuite ignored="0" hostname="SLB-F2NLRF2" failures="0" tests="5" name="Default test" time="0.805" errors="0" timestamp="2020-07-02T09:52:21 IST">
  <testcase classname="com.iNetBankingV1.testCases.BaseClass" name="@BeforeClass SetUp" time="-1.593663741108E9">
    <failure type="org.testng.TestNGException" message="
Parameter &amp;apos;browser&amp;apos; is required by BeforeClass on method SetUp but has not been marked @Optional or defined
in C:\Users\HDeore\AppData\Local\Temp\testng-eclipse-521712291\testng-customsuite.xml">
      <![CDATA[org.testng.TestNGException: 
Parameter 'browser' is required by BeforeClass on method SetUp but has not been marked @Optional or defined
in C:\Users\HDeore\AppData\Local\Temp\testng-eclipse-521712291\testng-customsuite.xml
at org.testng.internal.Parameters.createParams(Parameters.java:272)
at org.testng.internal.Parameters.createParametersForMethod(Parameters.java:360)
at org.testng.internal.Parameters.createParameters(Parameters.java:704)
at org.testng.internal.Parameters.createConfigurationParameters(Parameters.java:166)
at org.testng.internal.ConfigInvoker.invokeConfigurations(ConfigInvoker.java:283)
at org.testng.internal.TestMethodWorker.invokeBeforeClassMethods(TestMethodWorker.java:176)
at org.testng.internal.TestMethodWorker.run(TestMethodWorker.java:122)
at java.base/java.util.ArrayList.forEach(ArrayList.java:1540)
at org.testng.TestRunner.privateRun(TestRunner.java:766)
at org.testng.TestRunner.run(TestRunner.java:587)
at org.testng.SuiteRunner.runTest(SuiteRunner.java:384)
at org.testng.SuiteRunner.runSequentially(SuiteRunner.java:378)
at org.testng.SuiteRunner.privateRun(SuiteRunner.java:337)
at org.testng.SuiteRunner.run(SuiteRunner.java:286)
at org.testng.SuiteRunnerWorker.runSuite(SuiteRunnerWorker.java:53)
at org.testng.SuiteRunnerWorker.run(SuiteRunnerWorker.java:96)
at org.testng.TestNG.runSuitesSequentially(TestNG.java:1187)
at org.testng.TestNG.runSuitesLocally(TestNG.java:1109)
at org.testng.TestNG.runSuites(TestNG.java:1039)
at org.testng.TestNG.run(TestNG.java:1007)
at org.testng.remote.AbstractRemoteTestNG.run(AbstractRemoteTestNG.java:115)
at org.testng.remote.RemoteTestNG.initAndRun(RemoteTestNG.java:251)
at org.testng.remote.RemoteTestNG.main(RemoteTestNG.java:77)
]]>
    </failure>
  </testcase> <!-- @BeforeClass SetUp -->
  <testcase classname="com.iNetBankingV1.testCases.BaseClass" name="@AfterClass tearDown" time="-1.593663741895E9">
    <skipped/>
  </testcase> <!-- @AfterClass tearDown -->
  <testcase classname="com.iNetBankingV1.testCases.TC_LoginTestDataDriven_001" name="LoginDDT" time="0.0">
    <skipped/>
  </testcase> <!-- LoginDDT -->
  <testcase classname="com.iNetBankingV1.testCases.TC_LoginTestDataDriven_001" name="LoginDDT" time="0.0">
    <skipped/>
  </testcase> <!-- LoginDDT -->
  <testcase classname="com.iNetBankingV1.testCases.TC_LoginTestDataDriven_001" name="LoginDDT" time="0.0">
    <skipped/>
  </testcase> <!-- LoginDDT -->
  <testcase classname="com.iNetBankingV1.testCases.TC_LoginTestDataDriven_001" name="LoginDDT" time="0.0">
    <skipped/>
  </testcase> <!-- LoginDDT -->
  <testcase classname="com.iNetBankingV1.testCases.TC_LoginTestDataDriven_001" name="LoginDDT" time="0.0">
    <skipped/>
  </testcase> <!-- LoginDDT -->
</testsuite> <!-- Default test -->
