<?xml version="1.0" encoding="UTF-8"?>
<!-- Generated by org.testng.reporters.JUnitXMLReporter -->
<testsuite ignored="0" hostname="SLB-F2NLRF2" failures="1" tests="7" name="Banking Application Test" time="345.171" errors="0" timestamp="2020-07-06T15:07:24 IST">
  <testcase classname="com.iNetBankingV1.testCases.BaseClass" name="@BeforeClass SetUp" time="301.229">
    <failure type="org.openqa.selenium.TimeoutException" message="timeout: Timed out receiving message from renderer: 293.415
  (Session info: chrome=83.0.4103.116)
Build info: version: &amp;apos;3.141.59&amp;apos;, revision: &amp;apos;e82be7d358&amp;apos;, time: &amp;apos;2018-11-14T08:17:03&amp;apos;
System info: host: &amp;apos;SLB-F2NLRF2&amp;apos;, ip: &amp;apos;192.168.43.200&amp;apos;, os.name: &amp;apos;Windows 10&amp;apos;, os.arch: &amp;apos;amd64&amp;apos;, os.version: &amp;apos;10.0&amp;apos;, java.version: &amp;apos;12&amp;apos;
Driver info: org.openqa.selenium.chrome.ChromeDriver
Capabilities {acceptInsecureCerts: false, browserName: chrome, browserVersion: 83.0.4103.116, chrome: {chromedriverVersion: 83.0.4103.39 (ccbf011cb2d2b..., userDataDir: C:\Users\HDeore\AppData\Loc...}, goog:chromeOptions: {debuggerAddress: localhost:51989}, javascriptEnabled: true, networkConnectionEnabled: false, pageLoadStrategy: normal, platform: WINDOWS, platformName: WINDOWS, proxy: Proxy(), setWindowRect: true, strictFileInteractability: false, timeouts: {implicit: 0, pageLoad: 300000, script: 30000}, unhandledPromptBehavior: dismiss and notify, webauthn:virtualAuthenticators: true}
Session ID: 8cdc06b0234e0aafb9d8d0f5287358af">
      <![CDATA[org.openqa.selenium.TimeoutException: timeout: Timed out receiving message from renderer: 293.415
  (Session info: chrome=83.0.4103.116)
Build info: version: '3.141.59', revision: 'e82be7d358', time: '2018-11-14T08:17:03'
System info: host: 'SLB-F2NLRF2', ip: '192.168.43.200', os.name: 'Windows 10', os.arch: 'amd64', os.version: '10.0', java.version: '12'
Driver info: org.openqa.selenium.chrome.ChromeDriver
Capabilities {acceptInsecureCerts: false, browserName: chrome, browserVersion: 83.0.4103.116, chrome: {chromedriverVersion: 83.0.4103.39 (ccbf011cb2d2b..., userDataDir: C:\Users\HDeore\AppData\Loc...}, goog:chromeOptions: {debuggerAddress: localhost:51989}, javascriptEnabled: true, networkConnectionEnabled: false, pageLoadStrategy: normal, platform: WINDOWS, platformName: WINDOWS, proxy: Proxy(), setWindowRect: true, strictFileInteractability: false, timeouts: {implicit: 0, pageLoad: 300000, script: 30000}, unhandledPromptBehavior: dismiss and notify, webauthn:virtualAuthenticators: true}
Session ID: 8cdc06b0234e0aafb9d8d0f5287358af
at org.openqa.selenium.remote.http.W3CHttpResponseCodec.createException(W3CHttpResponseCodec.java:187)
at org.openqa.selenium.remote.http.W3CHttpResponseCodec.decode(W3CHttpResponseCodec.java:122)
at org.openqa.selenium.remote.http.W3CHttpResponseCodec.decode(W3CHttpResponseCodec.java:49)
at org.openqa.selenium.remote.HttpCommandExecutor.execute(HttpCommandExecutor.java:158)
at org.openqa.selenium.remote.service.DriverCommandExecutor.execute(DriverCommandExecutor.java:83)
at org.openqa.selenium.remote.RemoteWebDriver.execute(RemoteWebDriver.java:552)
at org.openqa.selenium.remote.RemoteWebDriver.get(RemoteWebDriver.java:277)
at com.iNetBankingV1.testCases.BaseClass.SetUp(BaseClass.java:65)
at java.base/java.util.ArrayList.forEach(ArrayList.java:1540)
... Removed 33 stack frames]]>
    </failure>
  </testcase> <!-- @BeforeClass SetUp -->
  <testcase classname="com.iNetBankingV1.testCases.BaseClass" name="@AfterClass tearDown" time="-1.594028214547E9">
    <skipped/>
  </testcase> <!-- @AfterClass tearDown -->
  <testcase classname="com.iNetBankingV1.testCases.TC_LoginTest_001" name="loginTest" time="4.094"/>
  <testcase classname="com.iNetBankingV1.testCases.TC_LoginTestDataDriven_001" name="LoginDDT" time="0.0">
    <skipped/>
  </testcase> <!-- LoginDDT -->
  <testcase classname="com.iNetBankingV1.testCases.TC_LoginTestDataDriven_001" name="LoginDDT" time="0.0">
    <skipped/>
  </testcase> <!-- LoginDDT -->
  <testcase classname="com.iNetBankingV1.testCases.TC_LoginTestDataDriven_001" name="LoginDDT" time="0.0">
    <skipped/>
  </testcase> <!-- LoginDDT -->
  <testcase classname="com.iNetBankingV1.testCases.TC_LoginTestDataDriven_001" name="LoginDDT" time="0.0">
    <skipped/>
  </testcase> <!-- LoginDDT -->
  <testcase classname="com.iNetBankingV1.testCases.TC_LoginTestDataDriven_001" name="LoginDDT" time="0.0">
    <skipped/>
  </testcase> <!-- LoginDDT -->
  <testcase classname="com.iNetBankingV1.testCases.TC_AddCustomerTest_002" name="addNewCustomer" time="18.862">
    <failure type="junit.framework.AssertionFailedError">
      <![CDATA[junit.framework.AssertionFailedError
at junit.framework.Assert.fail(Assert.java:47)
at junit.framework.Assert.assertTrue(Assert.java:20)
at junit.framework.Assert.assertTrue(Assert.java:27)
at com.iNetBankingV1.testCases.TC_AddCustomerTest_002.addNewCustomer(TC_AddCustomerTest_002.java:72)
at java.base/java.util.ArrayList.forEach(ArrayList.java:1540)
... Removed 30 stack frames]]>
    </failure>
  </testcase> <!-- addNewCustomer -->
</testsuite> <!-- Banking Application Test -->
