<!DOCTYPE html>

<html>
  <head>
  <meta charset='utf-8'>
  <title>TestNG reports</title>

    <link type="text/css" href="testng-reports.css" rel="stylesheet" />
    <script type="text/javascript" src="jquery-3.4.1.min.js"></script>
    <script type="text/javascript" src="testng-reports.js"></script>
    <script type="text/javascript" src="https://www.google.com/jsapi"></script>
    <script type='text/javascript'>
      google.load('visualization', '1', {packages:['table']});
      google.setOnLoadCallback(drawTable);
      var suiteTableInitFunctions = new Array();
      var suiteTableData = new Array();
    </script>
    <!--
      <script type="text/javascript" src="jquery-ui/js/jquery-ui-1.8.16.custom.min.js"></script>
     -->
  </head>

  <body>
    <div class="top-banner-root">
      <span class="top-banner-title-font">Test results</span>
      <br/>
      <span class="top-banner-font-1">1 suite, 5 failed tests</span>
    </div> <!-- top-banner-root -->
    <div class="navigator-root">
      <div class="navigator-suite-header">
        <span>All suites</span>
        <a href="#" title="Collapse/expand all the suites" class="collapse-all-link">
          <img src="collapseall.gif" class="collapse-all-icon">
          </img> <!-- collapse-all-icon -->
        </a> <!-- collapse-all-link -->
      </div> <!-- navigator-suite-header -->
      <div class="suite">
        <div class="rounded-window">
          <div class="suite-header light-rounded-window-top">
            <a href="#" panel-name="suite-inetBanking" class="navigator-link">
              <span class="suite-name border-failed">inetBanking</span>
            </a> <!-- navigator-link -->
          </div> <!-- suite-header light-rounded-window-top -->
          <div class="navigator-suite-content">
            <div class="suite-section-title">
              <span>Info</span>
            </div> <!-- suite-section-title -->
            <div class="suite-section-content">
              <ul>
                <li>
                  <a href="#" panel-name="test-xml-inetBanking" class="navigator-link ">
                    <span>C:\Users\HDeore\SchlumbergerAutomation\MyTest\iNetBankingV1\TestNG.xml</span>
                  </a> <!-- navigator-link  -->
                </li>
                <li>
                  <a href="#" panel-name="testlist-inetBanking" class="navigator-link ">
                    <span class="test-stats">1 test</span>
                  </a> <!-- navigator-link  -->
                </li>
                <li>
                  <a href="#" panel-name="group-inetBanking" class="navigator-link ">
                    <span>0 groups</span>
                  </a> <!-- navigator-link  -->
                </li>
                <li>
                  <a href="#" panel-name="times-inetBanking" class="navigator-link ">
                    <span>Times</span>
                  </a> <!-- navigator-link  -->
                </li>
                <li>
                  <a href="#" panel-name="reporter-inetBanking" class="navigator-link ">
                    <span>Reporter output</span>
                  </a> <!-- navigator-link  -->
                </li>
                <li>
                  <a href="#" panel-name="ignored-methods-inetBanking" class="navigator-link ">
                    <span>Ignored methods</span>
                  </a> <!-- navigator-link  -->
                </li>
                <li>
                  <a href="#" panel-name="chronological-inetBanking" class="navigator-link ">
                    <span>Chronological view</span>
                  </a> <!-- navigator-link  -->
                </li>
              </ul>
            </div> <!-- suite-section-content -->
            <div class="result-section">
              <div class="suite-section-title">
                <span>Results</span>
              </div> <!-- suite-section-title -->
              <div class="suite-section-content">
                <ul>
                  <li>
                    <span class="method-stats">7 methods, 5 failed,   2 passed</span>
                  </li>
                  <li>
                    <span class="method-list-title failed">Failed methods</span>
                    <span class="show-or-hide-methods failed">
                      <a href="#" panel-name="suite-inetBanking" class="hide-methods failed suite-inetBanking"> (hide)</a> <!-- hide-methods failed suite-inetBanking -->
                      <a href="#" panel-name="suite-inetBanking" class="show-methods failed suite-inetBanking"> (show)</a> <!-- show-methods failed suite-inetBanking -->
                    </span>
                    <div class="method-list-content failed suite-inetBanking">
                      <span>
                        <img src="failed.png" width="3%"/>
                        <a href="#" panel-name="suite-inetBanking" title="com.iNetBankingV1.testCases.TC_LoginTestDataDriven_001" class="method navigator-link" hash-for-method="LoginDDT(mngr47659, 123456@)">LoginDDT(mngr47659, 123456@)</a> <!-- method navigator-link -->
                      </span>
                      <br/>
                      <span>
                        <img src="failed.png" width="3%"/>
                        <a href="#" panel-name="suite-inetBanking" title="com.iNetBankingV1.testCases.TC_LoginTestDataDriven_001" class="method navigator-link" hash-for-method="LoginDDT(mngr137319, bAdYvyb)">LoginDDT(mngr137319, bAdYvyb)</a> <!-- method navigator-link -->
                      </span>
                      <br/>
                      <span>
                        <img src="failed.png" width="3%"/>
                        <a href="#" panel-name="suite-inetBanking" title="com.iNetBankingV1.testCases.TC_LoginTestDataDriven_001" class="method navigator-link" hash-for-method="LoginDDT(mngr164225, jahetAp)">LoginDDT(mngr164225, jahetAp)</a> <!-- method navigator-link -->
                      </span>
                      <br/>
                      <span>
                        <img src="failed.png" width="3%"/>
                        <a href="#" panel-name="suite-inetBanking" title="com.iNetBankingV1.testCases.TC_LoginTestDataDriven_001" class="method navigator-link" hash-for-method="LoginDDT(mngr83460, qAbUzyj)">LoginDDT(mngr83460, qAbUzyj)</a> <!-- method navigator-link -->
                      </span>
                      <br/>
                      <span>
                        <img src="failed.png" width="3%"/>
                        <a href="#" panel-name="suite-inetBanking" title="com.iNetBankingV1.testCases.TC_AddCustomerTest_002" class="method navigator-link" hash-for-method="addNewCustomer">addNewCustomer</a> <!-- method navigator-link -->
                      </span>
                      <br/>
                    </div> <!-- method-list-content failed suite-inetBanking -->
                  </li>
                  <li>
                    <span class="method-list-title passed">Passed methods</span>
                    <span class="show-or-hide-methods passed">
                      <a href="#" panel-name="suite-inetBanking" class="hide-methods passed suite-inetBanking"> (hide)</a> <!-- hide-methods passed suite-inetBanking -->
                      <a href="#" panel-name="suite-inetBanking" class="show-methods passed suite-inetBanking"> (show)</a> <!-- show-methods passed suite-inetBanking -->
                    </span>
                    <div class="method-list-content passed suite-inetBanking">
                      <span>
                        <img src="passed.png" width="3%"/>
                        <a href="#" panel-name="suite-inetBanking" title="com.iNetBankingV1.testCases.TC_LoginTestDataDriven_001" class="method navigator-link" hash-for-method="LoginDDT(mngr47659, 123456@)">LoginDDT(mngr47659, 123456@)</a> <!-- method navigator-link -->
                      </span>
                      <br/>
                      <span>
                        <img src="passed.png" width="3%"/>
                        <a href="#" panel-name="suite-inetBanking" title="com.iNetBankingV1.testCases.TC_LoginTest_001" class="method navigator-link" hash-for-method="loginTest">loginTest</a> <!-- method navigator-link -->
                      </span>
                      <br/>
                    </div> <!-- method-list-content passed suite-inetBanking -->
                  </li>
                </ul>
              </div> <!-- suite-section-content -->
            </div> <!-- result-section -->
          </div> <!-- navigator-suite-content -->
        </div> <!-- rounded-window -->
      </div> <!-- suite -->
    </div> <!-- navigator-root -->
    <div class="wrapper">
      <div class="main-panel-root">
        <div panel-name="suite-inetBanking" class="panel inetBanking">
          <div class="suite-inetBanking-class-failed">
            <div class="main-panel-header rounded-window-top">
              <img src="failed.png"/>
              <span class="class-name">com.iNetBankingV1.testCases.TC_AddCustomerTest_002</span>
            </div> <!-- main-panel-header rounded-window-top -->
            <div class="main-panel-content rounded-window-bottom">
              <div class="method">
                <div class="method-content">
                  <a name="addNewCustomer">
                  </a> <!-- addNewCustomer -->
                  <span class="method-name">addNewCustomer</span>
                  <div class="stack-trace">org.openqa.selenium.UnhandledAlertException: unexpected alert open: {Alert text : please fill all fields}
  (Session info: chrome=83.0.4103.116): please fill all fields
Build info: version: &apos;3.141.59&apos;, revision: &apos;e82be7d358&apos;, time: &apos;2018-11-14T08:17:03&apos;
System info: host: &apos;SLB-F2NLRF2&apos;, ip: &apos;100.81.102.74&apos;, os.name: &apos;Windows 10&apos;, os.arch: &apos;amd64&apos;, os.version: &apos;10.0&apos;, java.version: &apos;12&apos;
Driver info: org.openqa.selenium.chrome.ChromeDriver
Capabilities {acceptInsecureCerts: false, browserName: chrome, browserVersion: 83.0.4103.116, chrome: {chromedriverVersion: 83.0.4103.39 (ccbf011cb2d2b..., userDataDir: C:\Users\HDeore\AppData\Loc...}, goog:chromeOptions: {debuggerAddress: localhost:55367}, javascriptEnabled: true, networkConnectionEnabled: false, pageLoadStrategy: normal, platform: WINDOWS, platformName: WINDOWS, proxy: Proxy(), setWindowRect: true, strictFileInteractability: false, timeouts: {implicit: 0, pageLoad: 300000, script: 30000}, unhandledPromptBehavior: dismiss and notify, webauthn:virtualAuthenticators: true}
Session ID: 16cc6d880d5956b3db4231c79790cc47
	at org.openqa.selenium.remote.http.W3CHttpResponseCodec.decode(W3CHttpResponseCodec.java:120)
	at org.openqa.selenium.remote.http.W3CHttpResponseCodec.decode(W3CHttpResponseCodec.java:49)
	at org.openqa.selenium.remote.HttpCommandExecutor.execute(HttpCommandExecutor.java:158)
	at org.openqa.selenium.remote.service.DriverCommandExecutor.execute(DriverCommandExecutor.java:83)
	at org.openqa.selenium.remote.RemoteWebDriver.execute(RemoteWebDriver.java:552)
	at org.openqa.selenium.remote.RemoteWebDriver.execute(RemoteWebDriver.java:609)
	at org.openqa.selenium.remote.RemoteWebDriver.getPageSource(RemoteWebDriver.java:438)
	at com.iNetBankingV1.testCases.TC_AddCustomerTest_002.addNewCustomer(TC_AddCustomerTest_002.java:58)
	at java.base/java.util.ArrayList.forEach(ArrayList.java:1540)
... Removed 27 stack frames
</div> <!-- stack-trace -->
                </div> <!-- method-content -->
              </div> <!-- method -->
            </div> <!-- main-panel-content rounded-window-bottom -->
          </div> <!-- suite-inetBanking-class-failed -->
          <div class="suite-inetBanking-class-failed">
            <div class="main-panel-header rounded-window-top">
              <img src="failed.png"/>
              <span class="class-name">com.iNetBankingV1.testCases.TC_LoginTestDataDriven_001</span>
            </div> <!-- main-panel-header rounded-window-top -->
            <div class="main-panel-content rounded-window-bottom">
              <div class="method">
                <div class="method-content">
                  <a name="LoginDDT(mngr47659, 123456@)">
                  </a> <!-- LoginDDT(mngr47659, 123456@) -->
                  <span class="method-name">LoginDDT</span>
                  <span class="parameters">(mngr47659, 123456@)</span>
                  <div class="stack-trace">org.openqa.selenium.NoSuchElementException: no such element: Unable to locate element: {&quot;method&quot;:&quot;xpath&quot;,&quot;selector&quot;:&quot;/html/body/div[3]/div/ul/li[15]/a&quot;}
  (Session info: chrome=83.0.4103.116)
For documentation on this error, please visit: https://www.seleniumhq.org/exceptions/no_such_element.html
Build info: version: &apos;3.141.59&apos;, revision: &apos;e82be7d358&apos;, time: &apos;2018-11-14T08:17:03&apos;
System info: host: &apos;SLB-F2NLRF2&apos;, ip: &apos;100.81.102.74&apos;, os.name: &apos;Windows 10&apos;, os.arch: &apos;amd64&apos;, os.version: &apos;10.0&apos;, java.version: &apos;12&apos;
Driver info: org.openqa.selenium.chrome.ChromeDriver
Capabilities {acceptInsecureCerts: false, browserName: chrome, browserVersion: 83.0.4103.116, chrome: {chromedriverVersion: 83.0.4103.39 (ccbf011cb2d2b..., userDataDir: C:\Users\HDeore\AppData\Loc...}, goog:chromeOptions: {debuggerAddress: localhost:55020}, javascriptEnabled: true, networkConnectionEnabled: false, pageLoadStrategy: normal, platform: WINDOWS, platformName: WINDOWS, proxy: Proxy(), setWindowRect: true, strictFileInteractability: false, timeouts: {implicit: 0, pageLoad: 300000, script: 30000}, unhandledPromptBehavior: dismiss and notify, webauthn:virtualAuthenticators: true}
Session ID: 32770905a94499fdac92a27148d5544f
*** Element info: {Using=xpath, value=/html/body/div[3]/div/ul/li[15]/a}
	at org.openqa.selenium.remote.http.W3CHttpResponseCodec.createException(W3CHttpResponseCodec.java:187)
	at org.openqa.selenium.remote.http.W3CHttpResponseCodec.decode(W3CHttpResponseCodec.java:122)
	at org.openqa.selenium.remote.http.W3CHttpResponseCodec.decode(W3CHttpResponseCodec.java:49)
	at org.openqa.selenium.remote.HttpCommandExecutor.execute(HttpCommandExecutor.java:158)
	at org.openqa.selenium.remote.service.DriverCommandExecutor.execute(DriverCommandExecutor.java:83)
	at org.openqa.selenium.remote.RemoteWebDriver.execute(RemoteWebDriver.java:552)
	at org.openqa.selenium.remote.RemoteWebDriver.findElement(RemoteWebDriver.java:323)
	at org.openqa.selenium.remote.RemoteWebDriver.findElementByXPath(RemoteWebDriver.java:428)
	at org.openqa.selenium.By$ByXPath.findElement(By.java:353)
	at org.openqa.selenium.remote.RemoteWebDriver.findElement(RemoteWebDriver.java:315)
	at org.openqa.selenium.support.pagefactory.DefaultElementLocator.findElement(DefaultElementLocator.java:69)
	at org.openqa.selenium.support.pagefactory.internal.LocatingElementHandler.invoke(LocatingElementHandler.java:38)
	at com.sun.proxy.$Proxy14.click(Unknown Source)
	at com.iNetBankingV1.pageObject.loginPage.clickLogout(loginPage.java:54)
	at com.iNetBankingV1.testCases.TC_LoginTestDataDriven_001.LoginDDT(TC_LoginTestDataDriven_001.java:43)
	at java.base/java.util.ArrayList.forEach(ArrayList.java:1540)
... Removed 32 stack frames
</div> <!-- stack-trace -->
                </div> <!-- method-content -->
              </div> <!-- method -->
              <div class="method">
                <div class="method-content">
                  <a name="LoginDDT(mngr137319, bAdYvyb)">
                  </a> <!-- LoginDDT(mngr137319, bAdYvyb) -->
                  <span class="method-name">LoginDDT</span>
                  <span class="parameters">(mngr137319, bAdYvyb)</span>
                  <div class="stack-trace">junit.framework.AssertionFailedError
	at junit.framework.Assert.fail(Assert.java:47)
	at junit.framework.Assert.assertTrue(Assert.java:20)
	at junit.framework.Assert.assertTrue(Assert.java:27)
	at com.iNetBankingV1.testCases.TC_LoginTestDataDriven_001.LoginDDT(TC_LoginTestDataDriven_001.java:34)
	at java.base/java.util.ArrayList.forEach(ArrayList.java:1540)
... Removed 27 stack frames
</div> <!-- stack-trace -->
                </div> <!-- method-content -->
              </div> <!-- method -->
              <div class="method">
                <div class="method-content">
                  <a name="LoginDDT(mngr164225, jahetAp)">
                  </a> <!-- LoginDDT(mngr164225, jahetAp) -->
                  <span class="method-name">LoginDDT</span>
                  <span class="parameters">(mngr164225, jahetAp)</span>
                  <div class="stack-trace">org.openqa.selenium.NoSuchElementException: no such element: Unable to locate element: {&quot;method&quot;:&quot;xpath&quot;,&quot;selector&quot;:&quot;/html/body/div[3]/div/ul/li[15]/a&quot;}
  (Session info: chrome=83.0.4103.116)
For documentation on this error, please visit: https://www.seleniumhq.org/exceptions/no_such_element.html
Build info: version: &apos;3.141.59&apos;, revision: &apos;e82be7d358&apos;, time: &apos;2018-11-14T08:17:03&apos;
System info: host: &apos;SLB-F2NLRF2&apos;, ip: &apos;100.81.102.74&apos;, os.name: &apos;Windows 10&apos;, os.arch: &apos;amd64&apos;, os.version: &apos;10.0&apos;, java.version: &apos;12&apos;
Driver info: org.openqa.selenium.chrome.ChromeDriver
Capabilities {acceptInsecureCerts: false, browserName: chrome, browserVersion: 83.0.4103.116, chrome: {chromedriverVersion: 83.0.4103.39 (ccbf011cb2d2b..., userDataDir: C:\Users\HDeore\AppData\Loc...}, goog:chromeOptions: {debuggerAddress: localhost:55020}, javascriptEnabled: true, networkConnectionEnabled: false, pageLoadStrategy: normal, platform: WINDOWS, platformName: WINDOWS, proxy: Proxy(), setWindowRect: true, strictFileInteractability: false, timeouts: {implicit: 0, pageLoad: 300000, script: 30000}, unhandledPromptBehavior: dismiss and notify, webauthn:virtualAuthenticators: true}
Session ID: 32770905a94499fdac92a27148d5544f
*** Element info: {Using=xpath, value=/html/body/div[3]/div/ul/li[15]/a}
	at org.openqa.selenium.remote.http.W3CHttpResponseCodec.createException(W3CHttpResponseCodec.java:187)
	at org.openqa.selenium.remote.http.W3CHttpResponseCodec.decode(W3CHttpResponseCodec.java:122)
	at org.openqa.selenium.remote.http.W3CHttpResponseCodec.decode(W3CHttpResponseCodec.java:49)
	at org.openqa.selenium.remote.HttpCommandExecutor.execute(HttpCommandExecutor.java:158)
	at org.openqa.selenium.remote.service.DriverCommandExecutor.execute(DriverCommandExecutor.java:83)
	at org.openqa.selenium.remote.RemoteWebDriver.execute(RemoteWebDriver.java:552)
	at org.openqa.selenium.remote.RemoteWebDriver.findElement(RemoteWebDriver.java:323)
	at org.openqa.selenium.remote.RemoteWebDriver.findElementByXPath(RemoteWebDriver.java:428)
	at org.openqa.selenium.By$ByXPath.findElement(By.java:353)
	at org.openqa.selenium.remote.RemoteWebDriver.findElement(RemoteWebDriver.java:315)
	at org.openqa.selenium.support.pagefactory.DefaultElementLocator.findElement(DefaultElementLocator.java:69)
	at org.openqa.selenium.support.pagefactory.internal.LocatingElementHandler.invoke(LocatingElementHandler.java:38)
	at com.sun.proxy.$Proxy14.click(Unknown Source)
	at com.iNetBankingV1.pageObject.loginPage.clickLogout(loginPage.java:54)
	at com.iNetBankingV1.testCases.TC_LoginTestDataDriven_001.LoginDDT(TC_LoginTestDataDriven_001.java:43)
	at java.base/java.util.ArrayList.forEach(ArrayList.java:1540)
... Removed 32 stack frames
</div> <!-- stack-trace -->
                </div> <!-- method-content -->
              </div> <!-- method -->
              <div class="method">
                <div class="method-content">
                  <a name="LoginDDT(mngr83460, qAbUzyj)">
                  </a> <!-- LoginDDT(mngr83460, qAbUzyj) -->
                  <span class="method-name">LoginDDT</span>
                  <span class="parameters">(mngr83460, qAbUzyj)</span>
                  <div class="stack-trace">junit.framework.AssertionFailedError
	at junit.framework.Assert.fail(Assert.java:47)
	at junit.framework.Assert.assertTrue(Assert.java:20)
	at junit.framework.Assert.assertTrue(Assert.java:27)
	at com.iNetBankingV1.testCases.TC_LoginTestDataDriven_001.LoginDDT(TC_LoginTestDataDriven_001.java:34)
	at java.base/java.util.ArrayList.forEach(ArrayList.java:1540)
... Removed 27 stack frames
</div> <!-- stack-trace -->
                </div> <!-- method-content -->
              </div> <!-- method -->
            </div> <!-- main-panel-content rounded-window-bottom -->
          </div> <!-- suite-inetBanking-class-failed -->
          <div class="suite-inetBanking-class-passed">
            <div class="main-panel-header rounded-window-top">
              <img src="passed.png"/>
              <span class="class-name">com.iNetBankingV1.testCases.TC_LoginTest_001</span>
            </div> <!-- main-panel-header rounded-window-top -->
            <div class="main-panel-content rounded-window-bottom">
              <div class="method">
                <div class="method-content">
                  <a name="loginTest">
                  </a> <!-- loginTest -->
                  <span class="method-name">loginTest</span>
                </div> <!-- method-content -->
              </div> <!-- method -->
            </div> <!-- main-panel-content rounded-window-bottom -->
          </div> <!-- suite-inetBanking-class-passed -->
          <div class="suite-inetBanking-class-passed">
            <div class="main-panel-header rounded-window-top">
              <img src="passed.png"/>
              <span class="class-name">com.iNetBankingV1.testCases.TC_LoginTestDataDriven_001</span>
            </div> <!-- main-panel-header rounded-window-top -->
            <div class="main-panel-content rounded-window-bottom">
              <div class="method">
                <div class="method-content">
                  <a name="LoginDDT(mngr47659, 123456@)">
                  </a> <!-- LoginDDT(mngr47659, 123456@) -->
                  <span class="method-name">LoginDDT</span>
                  <span class="parameters">(mngr47659, 123456@)</span>
                </div> <!-- method-content -->
              </div> <!-- method -->
            </div> <!-- main-panel-content rounded-window-bottom -->
          </div> <!-- suite-inetBanking-class-passed -->
        </div> <!-- panel inetBanking -->
        <div panel-name="test-xml-inetBanking" class="panel">
          <div class="main-panel-header rounded-window-top">
            <span class="header-content">C:\Users\HDeore\SchlumbergerAutomation\MyTest\iNetBankingV1\TestNG.xml</span>
          </div> <!-- main-panel-header rounded-window-top -->
          <div class="main-panel-content rounded-window-bottom">
            <pre>
&lt;?xml version=&quot;1.0&quot; encoding=&quot;UTF-8&quot;?&gt;
&lt;!DOCTYPE suite SYSTEM &quot;https://testng.org/testng-1.0.dtd&quot;&gt;
&lt;suite name=&quot;inetBanking&quot; guice-stage=&quot;DEVELOPMENT&quot;&gt;
  &lt;listeners&gt;
    &lt;listener class-name=&quot;com.iNetBankingV1.utilities.Reporting&quot;/&gt;
  &lt;/listeners&gt;
  &lt;test thread-count=&quot;5&quot; name=&quot;Banking Application Test&quot;&gt;
    &lt;parameter name=&quot;browser&quot; value=&quot;chrome&quot;/&gt;
    &lt;classes&gt;
      &lt;class name=&quot;com.iNetBankingV1.testCases.TC_LoginTest_001&quot;/&gt;
      &lt;class name=&quot;com.iNetBankingV1.testCases.TC_LoginTestDataDriven_001&quot;/&gt;
      &lt;class name=&quot;com.iNetBankingV1.testCases.TC_AddCustomerTest_002&quot;/&gt;
    &lt;/classes&gt;
  &lt;/test&gt; &lt;!-- Banking Application Test --&gt;
&lt;/suite&gt; &lt;!-- inetBanking --&gt;
            </pre>
          </div> <!-- main-panel-content rounded-window-bottom -->
        </div> <!-- panel -->
        <div panel-name="testlist-inetBanking" class="panel">
          <div class="main-panel-header rounded-window-top">
            <span class="header-content">Tests for inetBanking</span>
          </div> <!-- main-panel-header rounded-window-top -->
          <div class="main-panel-content rounded-window-bottom">
            <ul>
              <li>
                <span class="test-name">Banking Application Test (3 classes)</span>
              </li>
            </ul>
          </div> <!-- main-panel-content rounded-window-bottom -->
        </div> <!-- panel -->
        <div panel-name="group-inetBanking" class="panel">
          <div class="main-panel-header rounded-window-top">
            <span class="header-content">Groups for inetBanking</span>
          </div> <!-- main-panel-header rounded-window-top -->
          <div class="main-panel-content rounded-window-bottom">
          </div> <!-- main-panel-content rounded-window-bottom -->
        </div> <!-- panel -->
        <div panel-name="times-inetBanking" class="panel">
          <div class="main-panel-header rounded-window-top">
            <span class="header-content">Times for inetBanking</span>
          </div> <!-- main-panel-header rounded-window-top -->
          <div class="main-panel-content rounded-window-bottom">
            <div class="times-div">
              <script type="text/javascript">
suiteTableInitFunctions.push('tableData_inetBanking');
function tableData_inetBanking() {
var data = new google.visualization.DataTable();
data.addColumn('number', 'Number');
data.addColumn('string', 'Method');
data.addColumn('string', 'Class');
data.addColumn('number', 'Time (ms)');
data.addRows(7);
data.setCell(0, 0, 0)
data.setCell(0, 1, 'LoginDDT')
data.setCell(0, 2, 'com.iNetBankingV1.testCases.TC_LoginTestDataDriven_001')
data.setCell(0, 3, 17659);
data.setCell(1, 0, 1)
data.setCell(1, 1, 'LoginDDT')
data.setCell(1, 2, 'com.iNetBankingV1.testCases.TC_LoginTestDataDriven_001')
data.setCell(1, 3, 15851);
data.setCell(2, 0, 2)
data.setCell(2, 1, 'LoginDDT')
data.setCell(2, 2, 'com.iNetBankingV1.testCases.TC_LoginTestDataDriven_001')
data.setCell(2, 3, 15288);
data.setCell(3, 0, 3)
data.setCell(3, 1, 'addNewCustomer')
data.setCell(3, 2, 'com.iNetBankingV1.testCases.TC_AddCustomerTest_002')
data.setCell(3, 3, 11549);
data.setCell(4, 0, 4)
data.setCell(4, 1, 'LoginDDT')
data.setCell(4, 2, 'com.iNetBankingV1.testCases.TC_LoginTestDataDriven_001')
data.setCell(4, 3, 11306);
data.setCell(5, 0, 5)
data.setCell(5, 1, 'LoginDDT')
data.setCell(5, 2, 'com.iNetBankingV1.testCases.TC_LoginTestDataDriven_001')
data.setCell(5, 3, 9510);
data.setCell(6, 0, 6)
data.setCell(6, 1, 'loginTest')
data.setCell(6, 2, 'com.iNetBankingV1.testCases.TC_LoginTest_001')
data.setCell(6, 3, 4161);
window.suiteTableData['inetBanking']= { tableData: data, tableDiv: 'times-div-inetBanking'}
return data;
}
              </script>
              <span class="suite-total-time">Total running time: 1 minutes</span>
              <div id="times-div-inetBanking">
              </div> <!-- times-div-inetBanking -->
            </div> <!-- times-div -->
          </div> <!-- main-panel-content rounded-window-bottom -->
        </div> <!-- panel -->
        <div panel-name="reporter-inetBanking" class="panel">
          <div class="main-panel-header rounded-window-top">
            <span class="header-content">Reporter output for inetBanking</span>
          </div> <!-- main-panel-header rounded-window-top -->
          <div class="main-panel-content rounded-window-bottom">
          </div> <!-- main-panel-content rounded-window-bottom -->
        </div> <!-- panel -->
        <div panel-name="ignored-methods-inetBanking" class="panel">
          <div class="main-panel-header rounded-window-top">
            <span class="header-content">0 ignored methods</span>
          </div> <!-- main-panel-header rounded-window-top -->
          <div class="main-panel-content rounded-window-bottom">
          </div> <!-- main-panel-content rounded-window-bottom -->
        </div> <!-- panel -->
        <div panel-name="chronological-inetBanking" class="panel">
          <div class="main-panel-header rounded-window-top">
            <span class="header-content">Methods in chronological order</span>
          </div> <!-- main-panel-header rounded-window-top -->
          <div class="main-panel-content rounded-window-bottom">
            <div class="chronological-class">
              <div class="chronological-class-name">com.iNetBankingV1.testCases.TC_LoginTest_001</div> <!-- chronological-class-name -->
              <div class="configuration-class before">
                <span class="method-name">SetUp(chrome)</span>
                <span class="method-start">0 ms</span>
              </div> <!-- configuration-class before -->
              <div class="test-method">
                <span class="method-name">loginTest</span>
                <span class="method-start">257611 ms</span>
              </div> <!-- test-method -->
              <div class="configuration-class after">
                <span class="method-name">tearDown</span>
                <span class="method-start">261785 ms</span>
              </div> <!-- configuration-class after -->
            </div> <!-- chronological-class -->
            <div class="chronological-class">
              <div class="chronological-class-name">com.iNetBankingV1.testCases.TC_LoginTestDataDriven_001</div> <!-- chronological-class-name -->
              <div class="configuration-class before">
                <span class="method-name">SetUp(chrome)</span>
                <span class="method-start">262435 ms</span>
              </div> <!-- configuration-class before -->
              <div class="test-method">
                <span class="method-name">LoginDDT(mngr47659, 123456@)</span>
                <span class="method-start">286857 ms</span>
              </div> <!-- test-method -->
              <div class="test-method">
                <img src="failed.png">
                </img>
                <span class="method-name">LoginDDT(mngr83460, qAbUzyj)</span>
                <span class="method-start">304518 ms</span>
              </div> <!-- test-method -->
              <div class="test-method">
                <img src="failed.png">
                </img>
                <span class="method-name">LoginDDT(mngr137319, bAdYvyb)</span>
                <span class="method-start">314030 ms</span>
              </div> <!-- test-method -->
              <div class="test-method">
                <img src="failed.png">
                </img>
                <span class="method-name">LoginDDT(mngr164225, jahetAp)</span>
                <span class="method-start">325338 ms</span>
              </div> <!-- test-method -->
              <div class="test-method">
                <img src="failed.png">
                </img>
                <span class="method-name">LoginDDT(mngr47659, 123456@)</span>
                <span class="method-start">340628 ms</span>
              </div> <!-- test-method -->
              <div class="configuration-class after">
                <span class="method-name">tearDown</span>
                <span class="method-start">356481 ms</span>
              </div> <!-- configuration-class after -->
            </div> <!-- chronological-class -->
            <div class="chronological-class">
              <div class="chronological-class-name">com.iNetBankingV1.testCases.TC_AddCustomerTest_002</div> <!-- chronological-class-name -->
              <div class="configuration-class before">
                <span class="method-name">SetUp(chrome)</span>
                <span class="method-start">357128 ms</span>
              </div> <!-- configuration-class before -->
              <div class="test-method">
                <img src="failed.png">
                </img>
                <span class="method-name">addNewCustomer</span>
                <span class="method-start">369840 ms</span>
              </div> <!-- test-method -->
              <div class="configuration-class after">
                <span class="method-name">tearDown</span>
                <span class="method-start">381392 ms</span>
              </div> <!-- configuration-class after -->
          </div> <!-- main-panel-content rounded-window-bottom -->
        </div> <!-- panel -->
      </div> <!-- main-panel-root -->
    </div> <!-- wrapper -->
  </body>
</html>
